DatasetDict({
    train: Dataset({
        features: ['id', 'sequence', 'label', 'tokens'],
        num_rows: 20000
    })
    dev: Dataset({
        features: ['id', 'sequence', 'label', 'tokens'],
        num_rows: 5000
    })
    test: Dataset({
        features: ['id', 'sequence', 'label', 'tokens'],
        num_rows: 10000
    })
})
Dataset structure: DatasetDict({
    train: Dataset({
        features: ['id', 'sequence', 'label', 'tokens'],
        num_rows: 20000
    })
    dev: Dataset({
        features: ['id', 'sequence', 'label', 'tokens'],
        num_rows: 5000
    })
    test: Dataset({
        features: ['id', 'sequence', 'label', 'tokens'],
        num_rows: 10000
    })
})
Vocabulary size: 17
Running on device: cpu

Experiment 1: Baseline Model Training and Evaluation
Baseline Epoch 1/5, Loss: 1.0147
Baseline Epoch 2/5, Loss: 0.7256
Baseline Epoch 3/5, Loss: 0.6944
Baseline Epoch 4/5, Loss: 0.6939
Baseline Epoch 5/5, Loss: 0.6831
Baseline Model Dev Accuracy: 0.52

Experiment 2: Augmented Model Training and Evaluation
Augmented Epoch 1/5, Loss: 1.6180
Augmented Epoch 2/5, Loss: 1.4381
Augmented Epoch 3/5, Loss: 1.3731
Augmented Epoch 4/5, Loss: 1.3587
Augmented Epoch 5/5, Loss: 1.3288
Augmented Model Dev Accuracy: 0.69

Evaluating Baseline Model on Test Split
Baseline Model Test Accuracy: 0.505

Evaluating Augmented Model on Test Split
Augmented Model Test Accuracy: 0.66

Generating Figure_1.png: Comparing Dev Accuracy between Baseline and Augmented models
Figure_1.png saved.

Generating Figure_2.png: Comparing Test Accuracy between Baseline and Augmented models
Figure_2.png saved.

Starting Ablation Study on Augmented Model Predicate Modules
Ablation (dropping shape_count): Dev Accuracy = 15.7500
Ablation (dropping color_position): Dev Accuracy = 15.8000
Ablation (dropping parity): Dev Accuracy = 15.7900
Ablation (dropping order): Dev Accuracy = 15.7400

Ablation Study Completed. Results: {'shape_count': 15.75, 'color_position': 15.8, 'parity': 15.79, 'order': 15.74}

Both models achieved non-zero test accuracy. Experiments completed successfully.
